{"D:\\work\\reactjs-films-homework\\src\\components\\FilmButtons\\FilmButtons.jsx": {"path":"D:\\work\\reactjs-films-homework\\src\\components\\FilmButtons\\FilmButtons.jsx","statementMap":{"0":{"start":{"line":4,"column":20},"end":{"line":9,"column":1}},"1":{"start":{"line":5,"column":2},"end":{"line":8,"column":8}}},"fnMap":{"0":{"name":"(anonymous_0)","decl":{"start":{"line":4,"column":20},"end":{"line":4,"column":21}},"loc":{"start":{"line":5,"column":2},"end":{"line":8,"column":8}},"line":5}},"branchMap":{},"s":{"0":3,"1":2},"f":{"0":2},"b":{},"_coverageSchema":"43e27e138ebf9cfc5966b082cf9a028302ed4184","hash":"b40451103b47aa58e3964273bea59d17c1f6337f"}
,"D:\\work\\reactjs-films-homework\\src\\components\\FilmButtons\\index.js": {"path":"D:\\work\\reactjs-films-homework\\src\\components\\FilmButtons\\index.js","statementMap":{},"fnMap":{},"branchMap":{},"s":{},"f":{},"b":{},"_coverageSchema":"43e27e138ebf9cfc5966b082cf9a028302ed4184","hash":"fa915bee9877ba9b070ce186317261afb5047ed8"}
,"D:\\work\\reactjs-films-homework\\src\\components\\Header\\Header.jsx": {"path":"D:\\work\\reactjs-films-homework\\src\\components\\Header\\Header.jsx","statementMap":{"0":{"start":{"line":4,"column":15},"end":{"line":12,"column":1}},"1":{"start":{"line":5,"column":2},"end":{"line":11,"column":11}}},"fnMap":{"0":{"name":"(anonymous_0)","decl":{"start":{"line":4,"column":15},"end":{"line":4,"column":16}},"loc":{"start":{"line":5,"column":2},"end":{"line":11,"column":11}},"line":5}},"branchMap":{},"s":{"0":2,"1":2},"f":{"0":2},"b":{},"_coverageSchema":"43e27e138ebf9cfc5966b082cf9a028302ed4184","hash":"e3b278e03ce1eeb49d3a32b9a2d8b4dabdcaed91"}
,"D:\\work\\reactjs-films-homework\\src\\components\\Header\\index.js": {"path":"D:\\work\\reactjs-films-homework\\src\\components\\Header\\index.js","statementMap":{},"fnMap":{},"branchMap":{},"s":{},"f":{},"b":{},"_coverageSchema":"43e27e138ebf9cfc5966b082cf9a028302ed4184","hash":"fbb7b8c1be720158f7d774ca4fdbf66228f38df3"}
,"D:\\work\\reactjs-films-homework\\src\\components\\MainFilmInfo\\MainFilmInfo.jsx": {"path":"D:\\work\\reactjs-films-homework\\src\\components\\MainFilmInfo\\MainFilmInfo.jsx","statementMap":{"0":{"start":{"line":5,"column":21},"end":{"line":17,"column":1}},"1":{"start":{"line":6,"column":2},"end":{"line":16,"column":8}}},"fnMap":{"0":{"name":"(anonymous_0)","decl":{"start":{"line":5,"column":21},"end":{"line":5,"column":22}},"loc":{"start":{"line":6,"column":2},"end":{"line":16,"column":8}},"line":6}},"branchMap":{},"s":{"0":2,"1":2},"f":{"0":2},"b":{},"_coverageSchema":"43e27e138ebf9cfc5966b082cf9a028302ed4184","hash":"1c2969aaaf907d155892564ff3c41c12969d06e8"}
,"D:\\work\\reactjs-films-homework\\src\\components\\MainFilmInfo\\index.js": {"path":"D:\\work\\reactjs-films-homework\\src\\components\\MainFilmInfo\\index.js","statementMap":{},"fnMap":{},"branchMap":{},"s":{},"f":{},"b":{},"_coverageSchema":"43e27e138ebf9cfc5966b082cf9a028302ed4184","hash":"747dd70a2b88e2bbcb880908cf471e0a36cf1594"}
,"D:\\work\\reactjs-films-homework\\src\\components\\MainFilmTitle\\MainFilmTitle.jsx": {"path":"D:\\work\\reactjs-films-homework\\src\\components\\MainFilmTitle\\MainFilmTitle.jsx","statementMap":{"0":{"start":{"line":5,"column":22},"end":{"line":19,"column":1}},"1":{"start":{"line":6,"column":2},"end":{"line":18,"column":8}}},"fnMap":{"0":{"name":"(anonymous_0)","decl":{"start":{"line":5,"column":22},"end":{"line":5,"column":23}},"loc":{"start":{"line":6,"column":2},"end":{"line":18,"column":8}},"line":6}},"branchMap":{},"s":{"0":2,"1":2},"f":{"0":2},"b":{},"_coverageSchema":"43e27e138ebf9cfc5966b082cf9a028302ed4184","hash":"4fc58e0e4b57a782febf1d49371171a020393694"}
,"D:\\work\\reactjs-films-homework\\src\\components\\MainFilmTitle\\index.js": {"path":"D:\\work\\reactjs-films-homework\\src\\components\\MainFilmTitle\\index.js","statementMap":{},"fnMap":{},"branchMap":{},"s":{},"f":{},"b":{},"_coverageSchema":"43e27e138ebf9cfc5966b082cf9a028302ed4184","hash":"24b57e2210ea1f237c0d963be5ac5c59933ca980"}
,"D:\\work\\reactjs-films-homework\\src\\components\\Star\\Star.jsx": {"path":"D:\\work\\reactjs-films-homework\\src\\components\\Star\\Star.jsx","statementMap":{"0":{"start":{"line":7,"column":4},"end":{"line":7,"column":17}},"1":{"start":{"line":8,"column":4},"end":{"line":8,"column":31}},"2":{"start":{"line":12,"column":25},"end":{"line":16,"column":5}},"3":{"start":{"line":13,"column":17},"end":{"line":13,"column":47}},"4":{"start":{"line":14,"column":6},"end":{"line":14,"column":85}},"5":{"start":{"line":14,"column":29},"end":{"line":14,"column":82}},"6":{"start":{"line":15,"column":6},"end":{"line":15,"column":18}},"7":{"start":{"line":17,"column":21},"end":{"line":17,"column":31}},"8":{"start":{"line":18,"column":4},"end":{"line":23,"column":6}}},"fnMap":{"0":{"name":"(anonymous_0)","decl":{"start":{"line":6,"column":2},"end":{"line":6,"column":3}},"loc":{"start":{"line":6,"column":21},"end":{"line":9,"column":3}},"line":6},"1":{"name":"(anonymous_1)","decl":{"start":{"line":11,"column":2},"end":{"line":11,"column":3}},"loc":{"start":{"line":11,"column":11},"end":{"line":24,"column":3}},"line":11},"2":{"name":"(anonymous_2)","decl":{"start":{"line":12,"column":25},"end":{"line":12,"column":26}},"loc":{"start":{"line":12,"column":39},"end":{"line":16,"column":5}},"line":12},"3":{"name":"(anonymous_3)","decl":{"start":{"line":14,"column":22},"end":{"line":14,"column":23}},"loc":{"start":{"line":14,"column":29},"end":{"line":14,"column":82}},"line":14}},"branchMap":{},"s":{"0":1,"1":1,"2":2,"3":2,"4":2,"5":0,"6":2,"7":2,"8":2},"f":{"0":1,"1":2,"2":2,"3":0},"b":{},"_coverageSchema":"43e27e138ebf9cfc5966b082cf9a028302ed4184","hash":"571263d838da2679c346380df9c8d9372fd20e00"}
,"D:\\work\\reactjs-films-homework\\src\\components\\Star\\index.js": {"path":"D:\\work\\reactjs-films-homework\\src\\components\\Star\\index.js","statementMap":{},"fnMap":{},"branchMap":{},"s":{},"f":{},"b":{},"_coverageSchema":"43e27e138ebf9cfc5966b082cf9a028302ed4184","hash":"a601a0ee910854d0c8b49731ad15d24a96add84f"}
,"D:\\work\\reactjs-films-homework\\src\\components\\signature\\signature.jsx": {"path":"D:\\work\\reactjs-films-homework\\src\\components\\signature\\signature.jsx","statementMap":{"0":{"start":{"line":6,"column":18},"end":{"line":9,"column":1}},"1":{"start":{"line":7,"column":19},"end":{"line":7,"column":24}},"2":{"start":{"line":8,"column":2},"end":{"line":8,"column":51}},"3":{"start":{"line":12,"column":0},"end":{"line":14,"column":2}},"4":{"start":{"line":16,"column":0},"end":{"line":18,"column":2}}},"fnMap":{"0":{"name":"(anonymous_0)","decl":{"start":{"line":6,"column":18},"end":{"line":6,"column":19}},"loc":{"start":{"line":6,"column":29},"end":{"line":9,"column":1}},"line":6}},"branchMap":{},"s":{"0":1,"1":2,"2":2,"3":1,"4":1},"f":{"0":2},"b":{},"_coverageSchema":"43e27e138ebf9cfc5966b082cf9a028302ed4184","hash":"c98eb18822fa2421312176e54cfb905fc5ba6b52"}
,"D:\\work\\reactjs-films-homework\\src\\pages\\MovieDetailsPage\\MovieDetailsPage.jsx": {"path":"D:\\work\\reactjs-films-homework\\src\\pages\\MovieDetailsPage\\MovieDetailsPage.jsx","statementMap":{"0":{"start":{"line":8,"column":25},"end":{"line":16,"column":1}},"1":{"start":{"line":9,"column":2},"end":{"line":15,"column":12}}},"fnMap":{"0":{"name":"(anonymous_0)","decl":{"start":{"line":8,"column":25},"end":{"line":8,"column":26}},"loc":{"start":{"line":9,"column":2},"end":{"line":15,"column":12}},"line":9}},"branchMap":{},"s":{"0":1,"1":2},"f":{"0":2},"b":{},"_coverageSchema":"43e27e138ebf9cfc5966b082cf9a028302ed4184","hash":"89c27fe09746137b3274c4ea893c0964d54719df"}
,"D:\\work\\reactjs-films-homework\\src\\pages\\MovieDetailsPage\\index.js": {"path":"D:\\work\\reactjs-films-homework\\src\\pages\\MovieDetailsPage\\index.js","statementMap":{},"fnMap":{},"branchMap":{},"s":{},"f":{},"b":{},"_coverageSchema":"43e27e138ebf9cfc5966b082cf9a028302ed4184","hash":"0cb62a89a388fbf528d09630cbf9ccd14ca14e71"}
}
